<?xml version="1.0" encoding="UTF-8"?>
<!-- Generated by org.testng.reporters.JUnitReportReporter -->
<testsuite hostname="Mosscow.local" failures="0" tests="8" name="com.techpanda.account.Level_05_Page_Generator" time="37.348" errors="0" timestamp="06 Jun 2022 14:51:36 GMT" skipped="0">
  <testcase classname="com.techpanda.account.Level_05_Page_Generator" name="TC_08_Edit_Information" time="4.881"/>
  <testcase classname="com.techpanda.account.Level_05_Page_Generator" name="TC_01_Login_Empty_Data" time="2.034"/>
  <testcase classname="com.techpanda.account.Level_05_Page_Generator" name="TC_02_Login_With_Invalid_Email" time="2.425"/>
  <testcase classname="com.techpanda.account.Level_05_Page_Generator" name="TC_07_Login_Valid_Password" time="7.250"/>
  <testcase classname="com.techpanda.account.Level_05_Page_Generator" name="TC_05_Login_With_Incorrect_Email" time="2.714"/>
  <testcase classname="com.techpanda.account.Level_05_Page_Generator" name="TC_06_Login_With_Incorrect_Password" time="3.088"/>
  <testcase classname="com.techpanda.account.Level_05_Page_Generator" name="TC_03_Login_With_Invalid_Password" time="3.014"/>
  <testcase classname="com.techpanda.account.Level_05_Page_Generator" name="TC_04_Create_New_Account" time="11.942"/>
</testsuite> <!-- com.techpanda.account.Level_05_Page_Generator -->
