<?xml version="1.0" encoding="UTF-8"?>
<!-- Generated by org.testng.reporters.JUnitReportReporter -->
<testsuite hostname="Mosscow.local" failures="0" tests="1" name="javaBasic.Topic_03_Condition_Excercise_II" time="1.282" errors="0" timestamp="10 May 2022 15:15:00 GMT" skipped="0">
  <testcase classname="javaBasic.Topic_03_Condition_Excercise_II" name="TC_02_Month_In_Year" time="1.282"/>
</testsuite> <!-- javaBasic.Topic_03_Condition_Excercise_II -->
