<?xml version="1.0" encoding="UTF-8"?>
<!-- Generated by org.testng.reporters.JUnitReportReporter -->
<testsuite hostname="Mosscow.local" failures="0" tests="1" name="com.jquery.datatable.Level_11_Data_Table_Part_II" time="9.770" errors="0" timestamp="27 Jun 2022 14:48:30 GMT" skipped="0">
  <testcase classname="com.jquery.datatable.Level_11_Data_Table_Part_II" name="TC_01" time="9.770"/>
</testsuite> <!-- com.jquery.datatable.Level_11_Data_Table_Part_II -->
