<?xml version="1.0" encoding="UTF-8"?>
<!-- Generated by org.testng.reporters.JUnitReportReporter -->
<testsuite hostname="Mosscow.local" failures="0" tests="1" name="javaBasic.Topic_03_Condition_Excercise" time="1.811" errors="0" timestamp="04 May 2022 02:24:11 GMT" skipped="0">
  <testcase classname="javaBasic.Topic_03_Condition_Excercise" name="TC_07_Month_Of_Year" time="1.811"/>
</testsuite> <!-- javaBasic.Topic_03_Condition_Excercise -->
