<?xml version="1.0" encoding="UTF-8"?>
<!-- Generated by org.testng.reporters.JUnitReportReporter -->
<testsuite hostname="Mosscow.local" failures="0" tests="2" name="com.jquery.datatable.Level_12_Upload_Files" time="86.342" errors="0" timestamp="28 Jun 2022 16:35:20 GMT" skipped="0">
  <testcase classname="com.jquery.datatable.Level_12_Upload_Files" name="TC_02_Upload_Multiple_File" time="79.534"/>
  <testcase classname="com.jquery.datatable.Level_12_Upload_Files" name="TC_01_Upload_One_File" time="6.808"/>
</testsuite> <!-- com.jquery.datatable.Level_12_Upload_Files -->
