<?xml version="1.0" encoding="UTF-8"?>
<!-- Generated by org.testng.reporters.JUnitReportReporter -->
<testsuite hostname="Mosscow.local" failures="0" tests="16" name="com.techpanda.account.Level_15_Log" time="74.730" errors="0" timestamp="11 Jul 2022 15:16:39 GMT" skipped="0">
  <testcase classname="com.techpanda.account.Level_15_Log" name="TC_06_Login_With_Incorrect_Password" time="3.273"/>
  <testcase classname="com.techpanda.account.Level_15_Log" name="TC_05_Login_With_Incorrect_Email" time="2.873"/>
  <testcase classname="com.techpanda.account.Level_15_Log" name="TC_07_Login_Valid_Password" time="7.850"/>
  <testcase classname="com.techpanda.account.Level_15_Log" name="TC_03_Login_With_Invalid_Password" time="2.300"/>
  <testcase classname="com.techpanda.account.Level_15_Log" name="TC_08_Edit_Information" time="5.728"/>
  <testcase classname="com.techpanda.account.Level_15_Log" name="TC_03_Login_With_Invalid_Password" time="1.831"/>
  <testcase classname="com.techpanda.account.Level_15_Log" name="TC_01_Login_Empty_Data" time="1.973"/>
  <testcase classname="com.techpanda.account.Level_15_Log" name="TC_06_Login_With_Incorrect_Password" time="3.341"/>
  <testcase classname="com.techpanda.account.Level_15_Log" name="TC_01_Login_Empty_Data" time="1.580"/>
  <testcase classname="com.techpanda.account.Level_15_Log" name="TC_08_Edit_Information" time="5.437"/>
  <testcase classname="com.techpanda.account.Level_15_Log" name="TC_07_Login_Valid_Password" time="8.468"/>
  <testcase classname="com.techpanda.account.Level_15_Log" name="TC_04_Create_New_Account" time="11.886"/>
  <testcase classname="com.techpanda.account.Level_15_Log" name="TC_02_Login_With_Invalid_Email" time="2.151"/>
  <testcase classname="com.techpanda.account.Level_15_Log" name="TC_04_Create_New_Account" time="11.002"/>
  <testcase classname="com.techpanda.account.Level_15_Log" name="TC_05_Login_With_Incorrect_Email" time="3.243"/>
  <testcase classname="com.techpanda.account.Level_15_Log" name="TC_02_Login_With_Invalid_Email" time="1.794"/>
</testsuite> <!-- com.techpanda.account.Level_15_Log -->
