<?xml version="1.0" encoding="UTF-8"?>
<!-- Generated by org.testng.reporters.JUnitReportReporter -->
<testsuite hostname="Mosscow.local" failures="0" tests="4" name="com.techpanda.account.Level_2_Apply_BasePage_Part_II" time="14.689" errors="0" timestamp="04 May 2022 10:05:16 GMT" skipped="0">
  <testcase classname="com.techpanda.account.Level_2_Apply_BasePage_Part_II" name="TC_01_Login_Empty_Data" time="2.680"/>
  <testcase classname="com.techpanda.account.Level_2_Apply_BasePage_Part_II" name="TC_02_Invalid_Email" time="2.760"/>
  <testcase classname="com.techpanda.account.Level_2_Apply_BasePage_Part_II" name="TC_04_Incorrect_Email_Password" time="6.992"/>
  <testcase classname="com.techpanda.account.Level_2_Apply_BasePage_Part_II" name="TC_03_Invalid_Password" time="2.257"/>
</testsuite> <!-- com.techpanda.account.Level_2_Apply_BasePage_Part_II -->
