<?xml version="1.0" encoding="UTF-8"?>
<!-- Generated by org.testng.reporters.JUnitReportReporter -->
<testsuite hostname="Mosscow.local" failures="0" tests="4" name="com.techpanda.account.Level_2_Apply_BasePage_Part_I" time="14.882" errors="0" timestamp="04 May 2022 15:13:18 GMT" skipped="0">
  <testcase classname="com.techpanda.account.Level_2_Apply_BasePage_Part_I" name="TC_04_Incorrect_Email_Password" time="3.520"/>
  <testcase classname="com.techpanda.account.Level_2_Apply_BasePage_Part_I" name="TC_02_Invalid_Email" time="2.904"/>
  <testcase classname="com.techpanda.account.Level_2_Apply_BasePage_Part_I" name="TC_03_Invalid_Password" time="2.478"/>
  <testcase classname="com.techpanda.account.Level_2_Apply_BasePage_Part_I" name="TC_01_Login_Empty_Data" time="5.980"/>
</testsuite> <!-- com.techpanda.account.Level_2_Apply_BasePage_Part_I -->
