<?xml version="1.0" encoding="UTF-8"?>
<!-- Generated by org.testng.reporters.JUnitReportReporter -->
<testsuite hostname="Mosscow.local" failures="0" tests="4" name="com.techpanda.account.Level_2_Apply_BasePage_Part_II" time="14.269" errors="0" timestamp="04 May 2022 15:13:18 GMT" skipped="0">
  <testcase classname="com.techpanda.account.Level_2_Apply_BasePage_Part_II" name="TC_04_Incorrect_Email_Password" time="3.294"/>
  <testcase classname="com.techpanda.account.Level_2_Apply_BasePage_Part_II" name="TC_03_Invalid_Password" time="2.082"/>
  <testcase classname="com.techpanda.account.Level_2_Apply_BasePage_Part_II" name="TC_02_Invalid_Email" time="2.447"/>
  <testcase classname="com.techpanda.account.Level_2_Apply_BasePage_Part_II" name="TC_01_Login_Empty_Data" time="6.446"/>
</testsuite> <!-- com.techpanda.account.Level_2_Apply_BasePage_Part_II -->
