<?xml version="1.0" encoding="UTF-8"?>
<!-- Generated by org.testng.reporters.JUnitReportReporter -->
<testsuite hostname="Mosscow.local" failures="0" tests="8" name="com.techpanda.account.Level_14_Assert_Verify" time="41.239" errors="0" timestamp="12 Jul 2022 16:00:36 GMT" skipped="0">
  <testcase classname="com.techpanda.account.Level_14_Assert_Verify" name="TC_04_Create_New_Account" time="12.478"/>
  <testcase classname="com.techpanda.account.Level_14_Assert_Verify" name="TC_02_Login_With_Invalid_Email" time="2.269"/>
  <testcase classname="com.techpanda.account.Level_14_Assert_Verify" name="TC_03_Login_With_Invalid_Password" time="2.403"/>
  <testcase classname="com.techpanda.account.Level_14_Assert_Verify" name="TC_06_Login_With_Incorrect_Password" time="3.695"/>
  <testcase classname="com.techpanda.account.Level_14_Assert_Verify" name="TC_01_Login_Empty_Data" time="2.456"/>
  <testcase classname="com.techpanda.account.Level_14_Assert_Verify" name="TC_05_Login_With_Incorrect_Email" time="3.483"/>
  <testcase classname="com.techpanda.account.Level_14_Assert_Verify" name="TC_07_Login_Valid_Password" time="9.055"/>
  <testcase classname="com.techpanda.account.Level_14_Assert_Verify" name="TC_08_Edit_Information" time="5.400"/>
</testsuite> <!-- com.techpanda.account.Level_14_Assert_Verify -->
