<?xml version="1.0" encoding="UTF-8"?>
<!-- Generated by org.testng.reporters.JUnitReportReporter -->
<testsuite hostname="Mosscow.local" failures="0" tests="3" name="com.techpanda.account.Level_11_Data_Table" time="110.089" errors="0" timestamp="23 Jun 2022 17:41:57 GMT" skipped="0">
  <testcase classname="com.techpanda.account.Level_11_Data_Table" name="TC_01" time="54.349"/>
  <testcase classname="com.techpanda.account.Level_11_Data_Table" name="TC_03" time="27.743"/>
  <testcase classname="com.techpanda.account.Level_11_Data_Table" name="TC_02" time="27.997"/>
</testsuite> <!-- com.techpanda.account.Level_11_Data_Table -->
