<?xml version="1.0" encoding="UTF-8"?>
<!-- Generated by org.testng.reporters.JUnitReportReporter -->
<testsuite hostname="Mosscow.local" failures="0" tests="4" name="com.techpanda.account.Level_2_Apply_BasePage_Part_I" time="160.673" errors="0" timestamp="04 May 2022 10:05:16 GMT" skipped="0">
  <testcase classname="com.techpanda.account.Level_2_Apply_BasePage_Part_I" name="TC_02_Invalid_Email" time="2.843"/>
  <testcase classname="com.techpanda.account.Level_2_Apply_BasePage_Part_I" name="TC_01_Login_Empty_Data" time="147.329"/>
  <testcase classname="com.techpanda.account.Level_2_Apply_BasePage_Part_I" name="TC_04_Incorrect_Email_Password" time="3.921"/>
  <testcase classname="com.techpanda.account.Level_2_Apply_BasePage_Part_I" name="TC_03_Invalid_Password" time="6.580"/>
</testsuite> <!-- com.techpanda.account.Level_2_Apply_BasePage_Part_I -->
