<?xml version="1.0" encoding="UTF-8"?>
<!-- Generated by org.testng.reporters.JUnitReportReporter -->
<testsuite hostname="Mosscow.local" failures="0" tests="9" name="com.techpanda.account.Level_06_Switch_Page" time="49.198" errors="0" timestamp="07 Jun 2022 13:30:13 GMT" skipped="0">
  <testcase classname="com.techpanda.account.Level_06_Switch_Page" name="TC_01_Login_Empty_Data" time="2.559"/>
  <testcase classname="com.techpanda.account.Level_06_Switch_Page" name="TC_02_Login_With_Invalid_Email" time="2.529"/>
  <testcase classname="com.techpanda.account.Level_06_Switch_Page" name="TC_04_Create_New_Account" time="13.095"/>
  <testcase classname="com.techpanda.account.Level_06_Switch_Page" name="TC_07_Login_Valid_Password" time="4.509"/>
  <testcase classname="com.techpanda.account.Level_06_Switch_Page" name="TC_06_Login_With_Incorrect_Password" time="3.647"/>
  <testcase classname="com.techpanda.account.Level_06_Switch_Page" name="TC_03_Login_With_Invalid_Password" time="2.777"/>
  <testcase classname="com.techpanda.account.Level_06_Switch_Page" name="TC_05_Login_With_Incorrect_Email" time="3.439"/>
  <testcase classname="com.techpanda.account.Level_06_Switch_Page" name="TC_09_Page_Navigation" time="11.337"/>
  <testcase classname="com.techpanda.account.Level_06_Switch_Page" name="TC_08_Edit_Information" time="5.306"/>
</testsuite> <!-- com.techpanda.account.Level_06_Switch_Page -->
