<?xml version="1.0" encoding="UTF-8"?>
<!-- Generated by org.testng.reporters.JUnitReportReporter -->
<testsuite hostname="Mosscow.local" failures="0" tests="3" name="com.techpanda.account.Level_09_Dynamic_Locator_II" time="16.825" errors="0" timestamp="20 Jun 2022 00:46:44 GMT" skipped="0">
  <testcase classname="com.techpanda.account.Level_09_Dynamic_Locator_II" name="TC_01_Login_Valid_Password" time="3.553"/>
  <testcase classname="com.techpanda.account.Level_09_Dynamic_Locator_II" name="TC_03_Footer_Page_Navigation" time="3.928"/>
  <testcase classname="com.techpanda.account.Level_09_Dynamic_Locator_II" name="TC_02_Page_Navigation" time="9.344"/>
</testsuite> <!-- com.techpanda.account.Level_09_Dynamic_Locator_II -->
