<?xml version="1.0" encoding="UTF-8"?>
<!-- Generated by org.testng.reporters.JUnitReportReporter -->
<testsuite hostname="Mosscow.local" failures="0" tests="1" name="com.techpanda.account.Level_08_Switch_Role" time="20.166" errors="0" timestamp="16 Jun 2022 15:20:04 GMT" skipped="0">
  <testcase classname="com.techpanda.account.Level_08_Switch_Role" name="TC_01_Switch_Roles" time="20.166"/>
</testsuite> <!-- com.techpanda.account.Level_08_Switch_Role -->
