<?xml version="1.0" encoding="UTF-8"?>
<!-- Generated by org.testng.reporters.JUnitReportReporter -->
<testsuite hostname="Mosscow.local" failures="0" tests="1" name="com.techpanda.account.Level_10_Global_Contants" time="15.431" errors="0" timestamp="21 Jun 2022 16:00:32 GMT" skipped="0">
  <testcase classname="com.techpanda.account.Level_10_Global_Contants" name="TC_01_Switch_Roles" time="15.431"/>
</testsuite> <!-- com.techpanda.account.Level_10_Global_Contants -->
