<?xml version="1.0" encoding="UTF-8"?>
<!-- Generated by org.testng.reporters.JUnitReportReporter -->
<testsuite hostname="Mosscow.local" failures="0" tests="1" name="com.techpanda.account.Level_01_Dont_Repeat_Yourself" time="0.009" errors="0" timestamp="20 May 2022 15:53:51 GMT" skipped="0">
  <testcase classname="com.techpanda.account.Level_01_Dont_Repeat_Yourself" name="f" time="0.009"/>
</testsuite> <!-- com.techpanda.account.Level_01_Dont_Repeat_Yourself -->
