<?xml version="1.0" encoding="UTF-8"?>
<!-- Generated by org.testng.reporters.JUnitReportReporter -->
<testsuite hostname="Mosscow.local" failures="0" tests="3" name="com.jquery.datatable.Level_11_Data_Table_Part_I" time="3.034" errors="0" timestamp="28 Jun 2022 17:13:31 GMT" skipped="0">
  <testcase classname="com.jquery.datatable.Level_11_Data_Table_Part_I" name="TC_01" time="3.029"/>
  <testcase classname="com.jquery.datatable.Level_11_Data_Table_Part_I" name="TC_03" time="0.002"/>
  <testcase classname="com.jquery.datatable.Level_11_Data_Table_Part_I" name="TC_02" time="0.003"/>
</testsuite> <!-- com.jquery.datatable.Level_11_Data_Table_Part_I -->
