<?xml version="1.0" encoding="UTF-8"?>
<!-- Generated by org.testng.reporters.JUnitReportReporter -->
<testsuite hostname="Mosscow.local" failures="0" tests="3" name="com.techpanda.account.Level_07_Page_Navigation" time="14.978" errors="0" timestamp="15 Jun 2022 16:39:13 GMT" skipped="0">
  <testcase classname="com.techpanda.account.Level_07_Page_Navigation" name="TC_02_Page_Navigation" time="7.580"/>
  <testcase classname="com.techpanda.account.Level_07_Page_Navigation" name="TC_01_Login_Valid_Password" time="3.468"/>
  <testcase classname="com.techpanda.account.Level_07_Page_Navigation" name="TC_03_Footer_Page_Navigation" time="3.930"/>
</testsuite> <!-- com.techpanda.account.Level_07_Page_Navigation -->
