<?xml version="1.0" encoding="UTF-8"?>
<!-- Generated by org.testng.reporters.JUnitReportReporter -->
<testsuite hostname="Mosscow.local" failures="0" tests="1" name="javaBasic.Topic_04_Loop_Statement_I" time="2.448" errors="0" timestamp="11 May 2022 06:06:18 GMT" skipped="0">
  <testcase classname="javaBasic.Topic_04_Loop_Statement_I" name="TC_04" time="2.448"/>
</testsuite> <!-- javaBasic.Topic_04_Loop_Statement_I -->
