<?xml version="1.0" encoding="UTF-8"?>
<!-- Generated by org.testng.reporters.JUnitReportReporter -->
<testsuite hostname="Mosscow.local" failures="0" tests="18" name="com.techpanda.account.Level_03_Design_Pattern_Part_II" time="98.274" errors="0" timestamp="27 May 2022 13:10:19 GMT" skipped="0">
  <testcase classname="com.techpanda.account.Level_03_Design_Pattern_Part_II" name="TC_03_Invalid_Password" time="1.502"/>
  <testcase classname="com.techpanda.account.Level_03_Design_Pattern_Part_II" name="TC_02_Invalid_Email" time="4.921"/>
  <testcase classname="com.techpanda.account.Level_03_Design_Pattern_Part_II" name="TC_06_Login_Valid_Password" time="8.981"/>
  <testcase classname="com.techpanda.account.Level_03_Design_Pattern_Part_II" name="TC_04_Incorrect_Email_Password" time="3.484"/>
  <testcase classname="com.techpanda.account.Level_03_Design_Pattern_Part_II" name="TC_04_Incorrect_Email_Password" time="2.556"/>
  <testcase classname="com.techpanda.account.Level_03_Design_Pattern_Part_II" name="TC_06_Login_Valid_Password" time="2.560"/>
  <testcase classname="com.techpanda.account.Level_03_Design_Pattern_Part_II" name="TC_06_Login_Valid_Password" time="3.553"/>
  <testcase classname="com.techpanda.account.Level_03_Design_Pattern_Part_II" name="TC_05_Create_New_Account" time="19.143"/>
  <testcase classname="com.techpanda.account.Level_03_Design_Pattern_Part_II" name="TC_03_Invalid_Password" time="3.957"/>
  <testcase classname="com.techpanda.account.Level_03_Design_Pattern_Part_II" name="TC_05_Create_New_Account" time="10.636"/>
  <testcase classname="com.techpanda.account.Level_03_Design_Pattern_Part_II" name="TC_01_Login_Empty_Data" time="5.054"/>
  <testcase classname="com.techpanda.account.Level_03_Design_Pattern_Part_II" name="TC_02_Invalid_Email" time="4.791"/>
  <testcase classname="com.techpanda.account.Level_03_Design_Pattern_Part_II" name="TC_05_Create_New_Account" time="11.493"/>
  <testcase classname="com.techpanda.account.Level_03_Design_Pattern_Part_II" name="TC_01_Login_Empty_Data" time="4.626"/>
  <testcase classname="com.techpanda.account.Level_03_Design_Pattern_Part_II" name="TC_02_Invalid_Email" time="1.548"/>
  <testcase classname="com.techpanda.account.Level_03_Design_Pattern_Part_II" name="TC_04_Incorrect_Email_Password" time="4.408"/>
  <testcase classname="com.techpanda.account.Level_03_Design_Pattern_Part_II" name="TC_03_Invalid_Password" time="3.408"/>
  <testcase classname="com.techpanda.account.Level_03_Design_Pattern_Part_II" name="TC_01_Login_Empty_Data" time="1.653"/>
</testsuite> <!-- com.techpanda.account.Level_03_Design_Pattern_Part_II -->
