<?xml version="1.0" encoding="UTF-8"?>
<!-- Generated by org.testng.reporters.JUnitReportReporter -->
<testsuite hostname="Mosscow.local" failures="0" tests="1" name="javaBasic.Topic_02_Operator_Excercise" time="8.466" errors="0" timestamp="02 May 2022 03:07:37 GMT" skipped="0">
  <testcase classname="javaBasic.Topic_02_Operator_Excercise" name="TC_01_Age_username" time="8.466"/>
</testsuite> <!-- javaBasic.Topic_02_Operator_Excercise -->
