<?xml version="1.0" encoding="UTF-8"?>
<!-- Generated by org.testng.reporters.JUnitReportReporter -->
<testsuite hostname="Mosscow.local" failures="0" tests="2" name="javaBasic.Topic_01_Data_Type_Excercise" time="6.614" errors="0" timestamp="02 May 2022 02:56:29 GMT" skipped="0">
  <testcase classname="javaBasic.Topic_01_Data_Type_Excercise" name="TC_01_Dien_Tich" time="0.009"/>
  <testcase classname="javaBasic.Topic_01_Data_Type_Excercise" name="TC_02_Name" time="6.605"/>
</testsuite> <!-- javaBasic.Topic_01_Data_Type_Excercise -->
