<?xml version="1.0" encoding="UTF-8"?>
<!-- Generated by org.testng.reporters.JUnitReportReporter -->
<testsuite hostname="Mosscow.local" failures="0" tests="21" name="com.techpanda.account.Level_04_Multiple_Browser" time="82.322" errors="0" timestamp="18 May 2022 16:23:15 GMT" skipped="0">
  <testcase classname="com.techpanda.account.Level_04_Multiple_Browser" name="TC_06_Login_With_Incorrect_Password" time="3.268"/>
  <testcase classname="com.techpanda.account.Level_04_Multiple_Browser" name="TC_01_Login_Empty_Data" time="2.076"/>
  <testcase classname="com.techpanda.account.Level_04_Multiple_Browser" name="TC_01_Login_Empty_Data" time="1.671"/>
  <testcase classname="com.techpanda.account.Level_04_Multiple_Browser" name="TC_04_Create_New_Account" time="10.468"/>
  <testcase classname="com.techpanda.account.Level_04_Multiple_Browser" name="TC_02_Login_With_Invalid_Email" time="2.746"/>
  <testcase classname="com.techpanda.account.Level_04_Multiple_Browser" name="TC_07_Login_Valid_Password" time="8.137"/>
  <testcase classname="com.techpanda.account.Level_04_Multiple_Browser" name="TC_02_Login_With_Invalid_Email" time="1.819"/>
  <testcase classname="com.techpanda.account.Level_04_Multiple_Browser" name="TC_01_Login_Empty_Data" time="2.313"/>
  <testcase classname="com.techpanda.account.Level_04_Multiple_Browser" name="TC_03_Login_With_Invalid_Password" time="1.794"/>
  <testcase classname="com.techpanda.account.Level_04_Multiple_Browser" name="TC_05_Login_With_Incorrect_Email" time="3.429"/>
  <testcase classname="com.techpanda.account.Level_04_Multiple_Browser" name="TC_05_Login_With_Incorrect_Email" time="3.174"/>
  <testcase classname="com.techpanda.account.Level_04_Multiple_Browser" name="TC_07_Login_Valid_Password" time="3.059"/>
  <testcase classname="com.techpanda.account.Level_04_Multiple_Browser" name="TC_05_Login_With_Incorrect_Email" time="2.594"/>
  <testcase classname="com.techpanda.account.Level_04_Multiple_Browser" name="TC_03_Login_With_Invalid_Password" time="1.581"/>
  <testcase classname="com.techpanda.account.Level_04_Multiple_Browser" name="TC_06_Login_With_Incorrect_Password" time="2.578"/>
  <testcase classname="com.techpanda.account.Level_04_Multiple_Browser" name="TC_06_Login_With_Incorrect_Password" time="3.196"/>
  <testcase classname="com.techpanda.account.Level_04_Multiple_Browser" name="TC_07_Login_Valid_Password" time="2.419"/>
  <testcase classname="com.techpanda.account.Level_04_Multiple_Browser" name="TC_04_Create_New_Account" time="11.058"/>
  <testcase classname="com.techpanda.account.Level_04_Multiple_Browser" name="TC_04_Create_New_Account" time="10.605"/>
  <testcase classname="com.techpanda.account.Level_04_Multiple_Browser" name="TC_02_Login_With_Invalid_Email" time="2.484"/>
  <testcase classname="com.techpanda.account.Level_04_Multiple_Browser" name="TC_03_Login_With_Invalid_Password" time="1.853"/>
</testsuite> <!-- com.techpanda.account.Level_04_Multiple_Browser -->
